#
# A fatal error has been detected by the Java Runtime Environment:
#
#  EXCEPTION_ACCESS_VIOLATION (0xc0000005) at pc=0x00007ff8aae302a1, pid=15844, tid=0x00000000000060c4
#
# JRE version: Java(TM) SE Runtime Environment (8.0_172-b11) (build 1.8.0_172-b11)
# Java VM: Java HotSpot(TM) 64-Bit Server VM (25.172-b11 mixed mode windows-amd64 compressed oops)
# Problematic frame:
# C  [ntdll.dll+0x102a1]
#
# Failed to write core dump. Minidumps are not enabled by default on client versions of Windows
#
# If you would like to submit a bug report, please visit:
#   http://bugreport.java.com/bugreport/crash.jsp
# The crash happened outside the Java Virtual Machine in native code.
# See problematic frame for where to report the bug.
#

---------------  T H R E A D  ---------------

Current thread (0x000000001e163800):  JavaThread "Finalizer" daemon [_thread_in_native, id=24772, stack(0x000000001f3d0000,0x000000001f4d0000)]

siginfo: ExceptionCode=0xc0000005, reading address 0xffffffffffffffff

Registers:
RAX=0x0000000000000000, RBX=0x000000002ae78b50, RCX=0x0000000000a80000, RDX=0x0000000000000000
RSP=0x000000001f4cef00, RBP=0xbf8000002ae47700, RSI=0x0000000000000000, RDI=0x0000000000a80000
R8 =0xbf8000002ae47700, R9 =0x00000000000000dc, R10=0x0000000002e48c3b, R11=0x0000000069cacdc0
R12=0x0000000000000000, R13=0x000000001c80ad40, R14=0xbf8000002ae476f0, R15=0x000000001e163800
RIP=0x00007ff8aae302a1, EFLAGS=0x0000000000010246

Top of Stack: (sp=0x000000001f4cef00)
0x000000001f4cef00:   000000001e163800 0000000069c82277
0x000000001f4cef10:   00007582f499096d 0000000069c82277
0x000000001f4cef20:   0000000000000000 0000000000000001
0x000000001f4cef30:   000000001e163800 0000000069c83308
0x000000001f4cef40:   000000002013780d 0000000034f80777
0x000000001f4cef50:   000000002013780d 000000001f4cefc9
0x000000001f4cef60:   000000002013780d 000000001f4cf140
0x000000001f4cef70:   0000000002d54930 000000076f6f9688
0x000000001f4cef80:   0000000000000000 00000007c0113278
0x000000001f4cef90:   000000001f4cf118 00007ff817e01538
0x000000001f4cefa0:   000000002ae78b50 00000007c0000f28
0x000000001f4cefb0:   000000006a0982d8 000000001e163800
0x000000001f4cefc0:   000000002ae78b50 00007ff81737aa28
0x000000001f4cefd0:   000000001e1417b0 0000000000000000
0x000000001f4cefe0:   0000000000000000 000000001e163800
0x000000001f4ceff0:   0000000000000002 0000000069cbe4e1 

Instructions: (pc=0x00007ff8aae302a1)
0x00007ff8aae30281:   83 03 00 00 f6 47 78 01 0f 85 78 70 09 00 40 f6
0x00007ff8aae30291:   c5 0f 0f 85 b6 70 09 00 4c 8d 75 f0 41 0f 0d 0e
0x00007ff8aae302a1:   41 80 7e 0f 05 0f 84 6e 70 09 00 41 f6 46 0f 3f
0x00007ff8aae302b1:   0f 84 74 70 09 00 4d 85 f6 0f 84 16 72 09 00 80 


Register to memory mapping:

RAX=0x0000000000000000 is an unknown value
RBX=0x000000002ae78b50 is an unknown value
RCX=0x0000000000a80000 is an unknown value
RDX=0x0000000000000000 is an unknown value
RSP=0x000000001f4cef00 is pointing into the stack for thread: 0x000000001e163800
RBP=0xbf8000002ae47700 is an unknown value
RSI=0x0000000000000000 is an unknown value
RDI=0x0000000000a80000 is an unknown value
R8 =0xbf8000002ae47700 is an unknown value
R9 =0x00000000000000dc is an unknown value
R10=0x0000000002e48c3b is at code_begin+891 in an Interpreter codelet
method entry point (kind = native)  [0x0000000002e488c0, 0x0000000002e49280]  2496 bytes
R11=0x0000000069cacdc0 is an unknown value
R12=0x0000000000000000 is an unknown value
R13={method} {0x000000001c80ad48} 'n_delete' '(J)V' in 'org/opencv/core/Mat'
R14=0xbf8000002ae476f0 is an unknown value
R15=0x000000001e163800 is a thread


Stack: [0x000000001f3d0000,0x000000001f4d0000],  sp=0x000000001f4cef00,  free space=1019k
Native frames: (J=compiled Java code, j=interpreted, Vv=VM code, C=native code)
C  [ntdll.dll+0x102a1]
C  [opencv_java400.dll+0x20e1538]
C  [opencv_java400.dll+0x165aa28]
C  [opencv_java400.dll+0x15be717]
C  [opencv_java400.dll+0x15c17c5]
C  0x0000000002e48c67

Java frames: (J=compiled Java code, j=interpreted, Vv=VM code)
j  org.opencv.core.Mat.n_delete(J)V+0
j  org.opencv.core.Mat.finalize()V+4
J 2184 C1 java.lang.ref.Finalizer.runFinalizer(Lsun/misc/JavaLangAccess;)V (62 bytes) @ 0x00000000035a1a94 [0x00000000035a1500+0x594]
J 2183 C1 java.lang.ref.Finalizer.access$100(Ljava/lang/ref/Finalizer;Lsun/misc/JavaLangAccess;)V (6 bytes) @ 0x000000000359f95c [0x000000000359f900+0x5c]
j  java.lang.ref.Finalizer$FinalizerThread.run()V+45
v  ~StubRoutines::call_stub

---------------  P R O C E S S  ---------------

Java Threads: ( => current thread )
  0x00000000206c5800 JavaThread "Java2D Disposer" daemon [_thread_blocked, id=16552, stack(0x00000000410e0000,0x00000000411e0000)]
  0x0000000020462800 JavaThread "Prism Font Disposer" daemon [_thread_blocked, id=51192, stack(0x000000002cf30000,0x000000002d030000)]
  0x00000000201af000 JavaThread "Thread-3" daemon [_thread_in_native, id=53996, stack(0x0000000029de0000,0x0000000029ee0000)]
  0x00000000201cf000 JavaThread "JavaFX-Launcher" [_thread_blocked, id=56392, stack(0x0000000029ee0000,0x0000000029fe0000)]
  0x0000000020137800 JavaThread "JavaFX Application Thread" [_thread_in_native, id=55832, stack(0x0000000021390000,0x0000000021490000)]
  0x0000000020126000 JavaThread "Thread-1" daemon [_thread_blocked, id=55224, stack(0x0000000021290000,0x0000000021390000)]
  0x0000000020110000 JavaThread "QuantumRenderer-0" daemon [_thread_blocked, id=56876, stack(0x0000000020a70000,0x0000000020b70000)]
  0x000000001e2cb000 JavaThread "Service Thread" daemon [_thread_blocked, id=48564, stack(0x000000001fce0000,0x000000001fde0000)]
  0x000000001e22e000 JavaThread "C1 CompilerThread3" daemon [_thread_blocked, id=22140, stack(0x000000001fbe0000,0x000000001fce0000)]
  0x000000001e222800 JavaThread "C2 CompilerThread2" daemon [_thread_blocked, id=40048, stack(0x000000001fae0000,0x000000001fbe0000)]
  0x000000001e220000 JavaThread "C2 CompilerThread1" daemon [_thread_blocked, id=56624, stack(0x000000001f9e0000,0x000000001fae0000)]
  0x000000001e212000 JavaThread "C2 CompilerThread0" daemon [_thread_blocked, id=22540, stack(0x000000001f8e0000,0x000000001f9e0000)]
  0x000000001e1b9000 JavaThread "Monitor Ctrl-Break" daemon [_thread_in_native, id=53960, stack(0x000000001f7e0000,0x000000001f8e0000)]
  0x000000001e172800 JavaThread "Attach Listener" daemon [_thread_blocked, id=39052, stack(0x000000001f6e0000,0x000000001f7e0000)]
  0x000000001e171800 JavaThread "Signal Dispatcher" daemon [_thread_blocked, id=42988, stack(0x000000001f5e0000,0x000000001f6e0000)]
=>0x000000001e163800 JavaThread "Finalizer" daemon [_thread_in_native, id=24772, stack(0x000000001f3d0000,0x000000001f4d0000)]
  0x000000001ca9d000 JavaThread "Reference Handler" daemon [_thread_blocked, id=38012, stack(0x000000001f2d0000,0x000000001f3d0000)]
  0x0000000002d33800 JavaThread "main" [_thread_blocked, id=53712, stack(0x0000000002ab0000,0x0000000002bb0000)]

Other Threads:
  0x000000001ca96800 VMThread [stack: 0x000000001f1d0000,0x000000001f2d0000] [id=27516]
  0x000000001e2e6000 WatcherThread [stack: 0x000000001ff30000,0x0000000020030000] [id=47500]

VM state:not at safepoint (normal execution)

VM Mutex/Monitor currently owned by a thread: None

Heap:
 PSYoungGen      total 76288K, used 12517K [0x000000076b100000, 0x0000000770600000, 0x00000007c0000000)
  eden space 65536K, 7% used [0x000000076b100000,0x000000076b580e18,0x000000076f100000)
  from space 10752K, 73% used [0x000000076f100000,0x000000076f8b86e8,0x000000076fb80000)
  to   space 10752K, 0% used [0x000000076fb80000,0x000000076fb80000,0x0000000770600000)
 ParOldGen       total 82944K, used 12350K [0x00000006c1200000, 0x00000006c6300000, 0x000000076b100000)
  object space 82944K, 14% used [0x00000006c1200000,0x00000006c1e0fb80,0x00000006c6300000)
 Metaspace       used 22872K, capacity 24020K, committed 24192K, reserved 1071104K
  class space    used 3118K, capacity 3395K, committed 3456K, reserved 1048576K

Card table byte_map: [0x00000000121f0000,0x00000000129f0000] byte_map_base: 0x000000000ebe7000

Marking Bits: (ParMarkBitMap*) 0x000000006a2a3c10
 Begin Bits: [0x0000000013940000, 0x00000000178f8000)
 End Bits:   [0x00000000178f8000, 0x000000001b8b0000)

Polling page: 0x0000000000a70000

CodeCache: size=245760Kb used=12640Kb max_used=13601Kb free=233119Kb
 bounds [0x0000000002e30000, 0x0000000003b90000, 0x0000000011e30000]
 total_blobs=4759 nmethods=3783 adapters=888
 compilation: enabled

Compilation events (10 events):
Event: 40.343 Thread 0x000000001e22e000 4056       3       java.lang.AbstractStringBuilder::substring (62 bytes)
Event: 40.343 Thread 0x000000001e22e000 nmethod 4056 0x0000000003b630d0 code [0x0000000003b63280, 0x0000000003b63698]
Event: 40.343 Thread 0x000000001e22e000 4057       1       javafx.scene.control.TextFormatter$Change::getAnchor (5 bytes)
Event: 40.343 Thread 0x000000001e22e000 nmethod 4057 0x0000000003b4db50 code [0x0000000003b4dca0, 0x0000000003b4ddb0]
Event: 40.343 Thread 0x000000001e22e000 4058       1       javafx.scene.control.TextFormatter$Change::getCaretPosition (5 bytes)
Event: 40.343 Thread 0x000000001e22e000 nmethod 4058 0x0000000003b36910 code [0x0000000003b36a60, 0x0000000003b36b70]
Event: 40.425 Thread 0x000000001e22e000 4059       3       com.sun.prism.Image::getPixelAccessor (221 bytes)
Event: 40.426 Thread 0x000000001e22e000 nmethod 4059 0x0000000003b52710 code [0x0000000003b52a00, 0x0000000003b53fa8]
Event: 40.427 Thread 0x000000001e22e000 4060       3       com.sun.imageio.plugins.png.PNGImageWriter::encodePass (1063 bytes)
Event: 40.428 Thread 0x000000001e22e000 nmethod 4060 0x0000000003b6ed50 code [0x0000000003b6f120, 0x0000000003b71bc8]

GC Heap History (8 events):
Event: 2.794 GC heap before
{Heap before GC invocations=1 (full 0):
 PSYoungGen      total 76288K, used 65014K [0x000000076b100000, 0x0000000770600000, 0x00000007c0000000)
  eden space 65536K, 99% used [0x000000076b100000,0x000000076f07d840,0x000000076f100000)
  from space 10752K, 0% used [0x000000076fb80000,0x000000076fb80000,0x0000000770600000)
  to   space 10752K, 0% used [0x000000076f100000,0x000000076f100000,0x000000076fb80000)
 ParOldGen       total 175104K, used 0K [0x00000006c1200000, 0x00000006cbd00000, 0x000000076b100000)
  object space 175104K, 0% used [0x00000006c1200000,0x00000006c1200000,0x00000006cbd00000)
 Metaspace       used 19095K, capacity 20208K, committed 20224K, reserved 1067008K
  class space    used 2806K, capacity 3071K, committed 3072K, reserved 1048576K
Event: 2.801 GC heap after
Heap after GC invocations=1 (full 0):
 PSYoungGen      total 76288K, used 8347K [0x000000076b100000, 0x0000000770600000, 0x00000007c0000000)
  eden space 65536K, 0% used [0x000000076b100000,0x000000076b100000,0x000000076f100000)
  from space 10752K, 77% used [0x000000076f100000,0x000000076f926e18,0x000000076fb80000)
  to   space 10752K, 0% used [0x000000076fb80000,0x000000076fb80000,0x0000000770600000)
 ParOldGen       total 175104K, used 88K [0x00000006c1200000, 0x00000006cbd00000, 0x000000076b100000)
  object space 175104K, 0% used [0x00000006c1200000,0x00000006c1216010,0x00000006cbd00000)
 Metaspace       used 19095K, capacity 20208K, committed 20224K, reserved 1067008K
  class space    used 2806K, capacity 3071K, committed 3072K, reserved 1048576K
}
Event: 6.021 GC heap before
{Heap before GC invocations=2 (full 0):
 PSYoungGen      total 76288K, used 19769K [0x000000076b100000, 0x0000000770600000, 0x00000007c0000000)
  eden space 65536K, 17% used [0x000000076b100000,0x000000076bc27758,0x000000076f100000)
  from space 10752K, 77% used [0x000000076f100000,0x000000076f926e18,0x000000076fb80000)
  to   space 10752K, 0% used [0x000000076fb80000,0x000000076fb80000,0x0000000770600000)
 ParOldGen       total 175104K, used 88K [0x00000006c1200000, 0x00000006cbd00000, 0x000000076b100000)
  object space 175104K, 0% used [0x00000006c1200000,0x00000006c1216010,0x00000006cbd00000)
 Metaspace       used 20088K, capacity 21220K, committed 21296K, reserved 1067008K
  class space    used 2874K, capacity 3127K, committed 3200K, reserved 1048576K
Event: 6.027 GC heap after
Heap after GC invocations=2 (full 0):
 PSYoungGen      total 76288K, used 10750K [0x000000076b100000, 0x0000000770600000, 0x00000007c0000000)
  eden space 65536K, 0% used [0x000000076b100000,0x000000076b100000,0x000000076f100000)
  from space 10752K, 99% used [0x000000076fb80000,0x00000007705ffb30,0x0000000770600000)
  to   space 10752K, 0% used [0x000000076f100000,0x000000076f100000,0x000000076fb80000)
 ParOldGen       total 175104K, used 3754K [0x00000006c1200000, 0x00000006cbd00000, 0x000000076b100000)
  object space 175104K, 2% used [0x00000006c1200000,0x00000006c15aaad0,0x00000006cbd00000)
 Metaspace       used 20088K, capacity 21220K, committed 21296K, reserved 1067008K
  class space    used 2874K, capacity 3127K, committed 3200K, reserved 1048576K
}
Event: 6.027 GC heap before
{Heap before GC invocations=3 (full 1):
 PSYoungGen      total 76288K, used 10750K [0x000000076b100000, 0x0000000770600000, 0x00000007c0000000)
  eden space 65536K, 0% used [0x000000076b100000,0x000000076b100000,0x000000076f100000)
  from space 10752K, 99% used [0x000000076fb80000,0x00000007705ffb30,0x0000000770600000)
  to   space 10752K, 0% used [0x000000076f100000,0x000000076f100000,0x000000076fb80000)
 ParOldGen       total 175104K, used 3754K [0x00000006c1200000, 0x00000006cbd00000, 0x000000076b100000)
  object space 175104K, 2% used [0x00000006c1200000,0x00000006c15aaad0,0x00000006cbd00000)
 Metaspace       used 20088K, capacity 21220K, committed 21296K, reserved 1067008K
  class space    used 2874K, capacity 3127K, committed 3200K, reserved 1048576K
Event: 6.051 GC heap after
Heap after GC invocations=3 (full 1):
 PSYoungGen      total 76288K, used 0K [0x000000076b100000, 0x0000000770600000, 0x00000007c0000000)
  eden space 65536K, 0% used [0x000000076b100000,0x000000076b100000,0x000000076f100000)
  from space 10752K, 0% used [0x000000076fb80000,0x000000076fb80000,0x0000000770600000)
  to   space 10752K, 0% used [0x000000076f100000,0x000000076f100000,0x000000076fb80000)
 ParOldGen       total 82944K, used 12342K [0x00000006c1200000, 0x00000006c6300000, 0x000000076b100000)
  object space 82944K, 14% used [0x00000006c1200000,0x00000006c1e0db80,0x00000006c6300000)
 Metaspace       used 20088K, capacity 21220K, committed 21296K, reserved 1067008K
  class space    used 2874K, capacity 3127K, committed 3200K, reserved 1048576K
}
Event: 40.641 GC heap before
{Heap before GC invocations=4 (full 1):
 PSYoungGen      total 76288K, used 64919K [0x000000076b100000, 0x0000000770600000, 0x00000007c0000000)
  eden space 65536K, 99% used [0x000000076b100000,0x000000076f065ca8,0x000000076f100000)
  from space 10752K, 0% used [0x000000076fb80000,0x000000076fb80000,0x0000000770600000)
  to   space 10752K, 0% used [0x000000076f100000,0x000000076f100000,0x000000076fb80000)
 ParOldGen       total 82944K, used 12342K [0x00000006c1200000, 0x00000006c6300000, 0x000000076b100000)
  object space 82944K, 14% used [0x00000006c1200000,0x00000006c1e0db80,0x00000006c6300000)
 Metaspace       used 22871K, capacity 24020K, committed 24192K, reserved 1071104K
  class space    used 3118K, capacity 3395K, committed 3456K, reserved 1048576K
Event: 40.642 GC heap after
Heap after GC invocations=4 (full 1):
 PSYoungGen      total 76288K, used 7905K [0x000000076b100000, 0x0000000770600000, 0x00000007c0000000)
  eden space 65536K, 0% used [0x000000076b100000,0x000000076b100000,0x000000076f100000)
  from space 10752K, 73% used [0x000000076f100000,0x000000076f8b86e8,0x000000076fb80000)
  to   space 10752K, 0% used [0x000000076fb80000,0x000000076fb80000,0x0000000770600000)
 ParOldGen       total 82944K, used 12350K [0x00000006c1200000, 0x00000006c6300000, 0x000000076b100000)
  object space 82944K, 14% used [0x00000006c1200000,0x00000006c1e0fb80,0x00000006c6300000)
 Metaspace       used 22871K, capacity 24020K, committed 24192K, reserved 1071104K
  class space    used 3118K, capacity 3395K, committed 3456K, reserved 1048576K
}

Deoptimization events (10 events):
Event: 18.408 Thread 0x0000000020137800 Uncommon trap: reason=bimorphic action=maybe_recompile pc=0x00000000036f176c method=javafx.scene.Node.impl_pickNode(Lcom/sun/javafx/geom/PickRay;Lcom/sun/javafx/scene/input/PickResultChooser;)V @ 82
Event: 18.410 Thread 0x0000000020137800 Uncommon trap: reason=bimorphic action=maybe_recompile pc=0x00000000036f176c method=javafx.scene.Node.impl_pickNode(Lcom/sun/javafx/geom/PickRay;Lcom/sun/javafx/scene/input/PickResultChooser;)V @ 82
Event: 18.411 Thread 0x0000000020137800 Uncommon trap: reason=bimorphic action=maybe_recompile pc=0x00000000036c8f70 method=javafx.scene.Node.impl_pickNode(Lcom/sun/javafx/geom/PickRay;Lcom/sun/javafx/scene/input/PickResultChooser;)V @ 82
Event: 19.576 Thread 0x0000000020137800 Uncommon trap: reason=unstable_if action=reinterpret pc=0x000000000399977c method=com.sun.imageio.plugins.png.PNGImageWriter.encodePass(Ljavax/imageio/stream/ImageOutputStream;Ljava/awt/image/RenderedImage;IIII)V @ 303
Event: 20.918 Thread 0x0000000020110000 Uncommon trap: reason=class_check action=maybe_recompile pc=0x0000000003927fb8 method=com.sun.prism.impl.ps.BaseShaderContext.checkState(Lcom/sun/prism/impl/ps/BaseShaderGraphics;ILcom/sun/javafx/geom/transform/BaseTransform;Lcom/sun/prism/ps/Shader;)V @ 
Event: 21.865 Thread 0x0000000020110000 Uncommon trap: reason=unstable_if action=reinterpret pc=0x00000000036de64c method=java.lang.Math.round(F)I @ 36
Event: 21.865 Thread 0x0000000020110000 Uncommon trap: reason=unstable_if action=reinterpret pc=0x000000000392d4e8 method=com.sun.prism.impl.GlyphCache.render(Lcom/sun/prism/impl/BaseContext;Lcom/sun/javafx/scene/text/GlyphList;FFIILcom/sun/prism/paint/Color;Lcom/sun/prism/paint/Color;Lcom/sun/
Event: 21.865 Thread 0x0000000020110000 Uncommon trap: reason=unstable_if action=reinterpret pc=0x00000000037b489c method=java.lang.Math.round(F)I @ 36
Event: 30.675 Thread 0x0000000020110000 Uncommon trap: reason=range_check action=make_not_entrant pc=0x0000000003989e3c method=java.util.ArrayList.elementData(I)Ljava/lang/Object; @ 5
Event: 30.675 Thread 0x0000000020110000 Uncommon trap: reason=range_check action=make_not_entrant pc=0x00000000030ad0ac method=java.util.ArrayList.elementData(I)Ljava/lang/Object; @ 5

Classes redefined (0 events):
No events

Internal exceptions (10 events):
Event: 2.274 Thread 0x0000000020137800 Implicit null exception at 0x00000000031075b5 to 0x00000000031077e5
Event: 2.400 Thread 0x0000000020137800 Implicit null exception at 0x000000000321f16d to 0x000000000321f1b5
Event: 2.557 Thread 0x0000000020137800 Implicit null exception at 0x00000000033b8ae5 to 0x00000000033b8fe9
Event: 7.083 Thread 0x0000000020137800 Exception <a 'java/io/FileNotFoundException'> (0x000000076b1cecd8) thrown at [C:\re\workspace\8-2-build-windows-amd64-cygwin\jdk8u172\10810\hotspot\src\share\vm\prims\jni.cpp, line 709]
Event: 7.091 Thread 0x0000000020137800 Implicit null exception at 0x0000000003639f8d to 0x000000000363a02d
Event: 7.375 Thread 0x0000000020137800 Exception <a 'java/io/FileNotFoundException'> (0x000000076bcd3d90) thrown at [C:\re\workspace\8-2-build-windows-amd64-cygwin\jdk8u172\10810\hotspot\src\share\vm\prims\jni.cpp, line 709]
Event: 30.675 Thread 0x0000000020110000 Exception <a 'java/lang/ArrayIndexOutOfBoundsException': -1> (0x000000076daaaa20) thrown at [C:\re\workspace\8-2-build-windows-amd64-cygwin\jdk8u172\10810\hotspot\src\share\vm\interpreter\interpreterRuntime.cpp, line 366]
Event: 30.675 Thread 0x0000000020110000 Exception <a 'java/lang/ArrayIndexOutOfBoundsException': -1> (0x000000076daaae40) thrown at [C:\re\workspace\8-2-build-windows-amd64-cygwin\jdk8u172\10810\hotspot\src\share\vm\interpreter\interpreterRuntime.cpp, line 366]
Event: 30.675 Thread 0x0000000020110000 Exception <a 'java/lang/ArrayIndexOutOfBoundsException'> (0x000000076daab260) thrown at [C:\re\workspace\8-2-build-windows-amd64-cygwin\jdk8u172\10810\hotspot\src\share\vm\runtime\sharedRuntime.cpp, line 605]
Event: 30.675 Thread 0x0000000020110000 Exception <a 'java/lang/ArrayIndexOutOfBoundsException'> (0x000000076daaba80) thrown at [C:\re\workspace\8-2-build-windows-amd64-cygwin\jdk8u172\10810\hotspot\src\share\vm\runtime\sharedRuntime.cpp, line 605]

Events (10 events):
Event: 40.643 Executing VM operation: RevokeBias
Event: 40.643 Executing VM operation: RevokeBias done
Event: 40.643 Executing VM operation: RevokeBias
Event: 40.643 Executing VM operation: RevokeBias done
Event: 40.643 Executing VM operation: RevokeBias
Event: 40.644 Executing VM operation: RevokeBias done
Event: 40.644 Executing VM operation: RevokeBias
Event: 40.644 Executing VM operation: RevokeBias done
Event: 40.644 Executing VM operation: RevokeBias
Event: 40.644 Executing VM operation: RevokeBias done


Dynamic libraries:
0x00007ff67daf0000 - 0x00007ff67db27000 	C:\Program Files\Java\jdk1.8.0_172\bin\java.exe
0x00007ff8aae20000 - 0x00007ff8ab001000 	C:\WINDOWS\SYSTEM32\ntdll.dll
0x00007ff8aa190000 - 0x00007ff8aa242000 	C:\WINDOWS\System32\KERNEL32.DLL
0x00007ff8a7b30000 - 0x00007ff8a7da3000 	C:\WINDOWS\System32\KERNELBASE.dll
0x00007ff8aaa60000 - 0x00007ff8aab01000 	C:\WINDOWS\System32\ADVAPI32.dll
0x00007ff8a9b90000 - 0x00007ff8a9c2e000 	C:\WINDOWS\System32\msvcrt.dll
0x00007ff8a8470000 - 0x00007ff8a84cb000 	C:\WINDOWS\System32\sechost.dll
0x00007ff8a9f60000 - 0x00007ff8aa084000 	C:\WINDOWS\System32\RPCRT4.dll
0x00007ff8a9a00000 - 0x00007ff8a9b90000 	C:\WINDOWS\System32\USER32.dll
0x00007ff8a8040000 - 0x00007ff8a8060000 	C:\WINDOWS\System32\win32u.dll
0x00007ff8a84d0000 - 0x00007ff8a84f8000 	C:\WINDOWS\System32\GDI32.dll
0x00007ff8a80e0000 - 0x00007ff8a8272000 	C:\WINDOWS\System32\gdi32full.dll
0x00007ff8a7fa0000 - 0x00007ff8a803f000 	C:\WINDOWS\System32\msvcp_win.dll
0x00007ff8a7a30000 - 0x00007ff8a7b2a000 	C:\WINDOWS\System32\ucrtbase.dll
0x00007ff896b10000 - 0x00007ff896d79000 	C:\WINDOWS\WinSxS\amd64_microsoft.windows.common-controls_6595b64144ccf1df_6.0.17134.345_none_fb429a5930656358\COMCTL32.dll
0x00007ff8a9c30000 - 0x00007ff8a9f53000 	C:\WINDOWS\System32\combase.dll
0x00007ff8a8060000 - 0x00007ff8a80da000 	C:\WINDOWS\System32\bcryptPrimitives.dll
0x00007ff8a99d0000 - 0x00007ff8a99fd000 	C:\WINDOWS\System32\IMM32.DLL
0x000000006a330000 - 0x000000006a402000 	C:\Program Files\Java\jdk1.8.0_172\jre\bin\msvcr100.dll
0x0000000069a80000 - 0x000000006a323000 	C:\Program Files\Java\jdk1.8.0_172\jre\bin\server\jvm.dll
0x00007ff8a83e0000 - 0x00007ff8a83e8000 	C:\WINDOWS\System32\PSAPI.DLL
0x00007ff894e30000 - 0x00007ff894e39000 	C:\WINDOWS\SYSTEM32\WSOCK32.dll
0x00007ff895090000 - 0x00007ff8950b3000 	C:\WINDOWS\SYSTEM32\WINMM.dll
0x00007ff8a0c50000 - 0x00007ff8a0c5a000 	C:\WINDOWS\SYSTEM32\VERSION.dll
0x00007ff8a8520000 - 0x00007ff8a858c000 	C:\WINDOWS\System32\WS2_32.dll
0x00007ff895060000 - 0x00007ff89508a000 	C:\WINDOWS\SYSTEM32\WINMMBASE.dll
0x00007ff8a7930000 - 0x00007ff8a7979000 	C:\WINDOWS\System32\cfgmgr32.dll
0x0000000069a70000 - 0x0000000069a7f000 	C:\Program Files\Java\jdk1.8.0_172\jre\bin\verify.dll
0x0000000069a40000 - 0x0000000069a69000 	C:\Program Files\Java\jdk1.8.0_172\jre\bin\java.dll
0x00000000699f0000 - 0x0000000069a13000 	C:\Program Files\Java\jdk1.8.0_172\jre\bin\instrument.dll
0x0000000069a20000 - 0x0000000069a36000 	C:\Program Files\Java\jdk1.8.0_172\jre\bin\zip.dll
0x00007ff8a8590000 - 0x00007ff8a99cf000 	C:\WINDOWS\System32\SHELL32.dll
0x00007ff8aa3d0000 - 0x00007ff8aa479000 	C:\WINDOWS\System32\shcore.dll
0x00007ff8a71c0000 - 0x00007ff8a78cd000 	C:\WINDOWS\System32\windows.storage.dll
0x00007ff8aab10000 - 0x00007ff8aab61000 	C:\WINDOWS\System32\shlwapi.dll
0x00007ff8a7110000 - 0x00007ff8a7121000 	C:\WINDOWS\System32\kernel.appcore.dll
0x00007ff8a7130000 - 0x00007ff8a714f000 	C:\WINDOWS\System32\profapi.dll
0x00007ff8a7170000 - 0x00007ff8a71bc000 	C:\WINDOWS\System32\powrprof.dll
0x00007ff8a7100000 - 0x00007ff8a710a000 	C:\WINDOWS\System32\FLTLIB.DLL
0x00007ff88cd40000 - 0x00007ff88cd5a000 	C:\Program Files\JetBrains\IntelliJ IDEA 2018.2.4\bin\breakgen64.dll
0x0000000068e00000 - 0x0000000068e1a000 	C:\Program Files\Java\jdk1.8.0_172\jre\bin\net.dll
0x00007ff8a6980000 - 0x00007ff8a69e6000 	C:\WINDOWS\system32\mswsock.dll
0x0000000002a80000 - 0x0000000002a83000 	C:\Program Files\Java\jdk1.8.0_172\jre\bin\api-ms-win-core-console-l1-1-0.dll
0x0000000002a90000 - 0x0000000002a93000 	C:\Program Files\Java\jdk1.8.0_172\jre\bin\api-ms-win-core-datetime-l1-1-0.dll
0x0000000002d00000 - 0x0000000002d03000 	C:\Program Files\Java\jdk1.8.0_172\jre\bin\api-ms-win-core-debug-l1-1-0.dll
0x0000000002d10000 - 0x0000000002d13000 	C:\Program Files\Java\jdk1.8.0_172\jre\bin\api-ms-win-core-errorhandling-l1-1-0.dll
0x0000000020830000 - 0x0000000020834000 	C:\Program Files\Java\jdk1.8.0_172\jre\bin\api-ms-win-core-file-l1-1-0.dll
0x0000000020840000 - 0x0000000020843000 	C:\Program Files\Java\jdk1.8.0_172\jre\bin\api-ms-win-core-file-l1-2-0.dll
0x0000000020850000 - 0x0000000020853000 	C:\Program Files\Java\jdk1.8.0_172\jre\bin\api-ms-win-core-file-l2-1-0.dll
0x0000000020860000 - 0x0000000020863000 	C:\Program Files\Java\jdk1.8.0_172\jre\bin\api-ms-win-core-handle-l1-1-0.dll
0x0000000020870000 - 0x0000000020873000 	C:\Program Files\Java\jdk1.8.0_172\jre\bin\api-ms-win-core-heap-l1-1-0.dll
0x0000000020880000 - 0x0000000020883000 	C:\Program Files\Java\jdk1.8.0_172\jre\bin\api-ms-win-core-interlocked-l1-1-0.dll
0x0000000020890000 - 0x0000000020893000 	C:\Program Files\Java\jdk1.8.0_172\jre\bin\api-ms-win-core-libraryloader-l1-1-0.dll
0x00000000208a0000 - 0x00000000208a3000 	C:\Program Files\Java\jdk1.8.0_172\jre\bin\api-ms-win-core-localization-l1-2-0.dll
0x00000000208b0000 - 0x00000000208b3000 	C:\Program Files\Java\jdk1.8.0_172\jre\bin\api-ms-win-core-memory-l1-1-0.dll
0x00000000208c0000 - 0x00000000208c3000 	C:\Program Files\Java\jdk1.8.0_172\jre\bin\api-ms-win-core-namedpipe-l1-1-0.dll
0x00000000208d0000 - 0x00000000208d3000 	C:\Program Files\Java\jdk1.8.0_172\jre\bin\api-ms-win-core-processenvironment-l1-1-0.dll
0x00000000208e0000 - 0x00000000208e3000 	C:\Program Files\Java\jdk1.8.0_172\jre\bin\api-ms-win-core-processthreads-l1-1-0.dll
0x00000000208f0000 - 0x00000000208f3000 	C:\Program Files\Java\jdk1.8.0_172\jre\bin\api-ms-win-core-processthreads-l1-1-1.dll
0x0000000020900000 - 0x0000000020903000 	C:\Program Files\Java\jdk1.8.0_172\jre\bin\api-ms-win-core-profile-l1-1-0.dll
0x0000000020910000 - 0x0000000020913000 	C:\Program Files\Java\jdk1.8.0_172\jre\bin\api-ms-win-core-rtlsupport-l1-1-0.dll
0x0000000020920000 - 0x0000000020923000 	C:\Program Files\Java\jdk1.8.0_172\jre\bin\api-ms-win-core-string-l1-1-0.dll
0x0000000020930000 - 0x0000000020933000 	C:\Program Files\Java\jdk1.8.0_172\jre\bin\api-ms-win-core-synch-l1-1-0.dll
0x0000000020940000 - 0x0000000020943000 	C:\Program Files\Java\jdk1.8.0_172\jre\bin\api-ms-win-core-synch-l1-2-0.dll
0x0000000020950000 - 0x0000000020953000 	C:\Program Files\Java\jdk1.8.0_172\jre\bin\api-ms-win-core-sysinfo-l1-1-0.dll
0x0000000020960000 - 0x0000000020963000 	C:\Program Files\Java\jdk1.8.0_172\jre\bin\api-ms-win-core-timezone-l1-1-0.dll
0x0000000020970000 - 0x0000000020973000 	C:\Program Files\Java\jdk1.8.0_172\jre\bin\api-ms-win-core-util-l1-1-0.dll
0x0000000020980000 - 0x0000000020983000 	C:\Program Files\Java\jdk1.8.0_172\jre\bin\api-ms-win-crt-conio-l1-1-0.dll
0x0000000020990000 - 0x0000000020994000 	C:\Program Files\Java\jdk1.8.0_172\jre\bin\api-ms-win-crt-convert-l1-1-0.dll
0x00000000209a0000 - 0x00000000209a3000 	C:\Program Files\Java\jdk1.8.0_172\jre\bin\api-ms-win-crt-environment-l1-1-0.dll
0x00000000209b0000 - 0x00000000209b3000 	C:\Program Files\Java\jdk1.8.0_172\jre\bin\api-ms-win-crt-filesystem-l1-1-0.dll
0x00000000209c0000 - 0x00000000209c3000 	C:\Program Files\Java\jdk1.8.0_172\jre\bin\api-ms-win-crt-heap-l1-1-0.dll
0x00000000209d0000 - 0x00000000209d3000 	C:\Program Files\Java\jdk1.8.0_172\jre\bin\api-ms-win-crt-locale-l1-1-0.dll
0x00000000209e0000 - 0x00000000209e5000 	C:\Program Files\Java\jdk1.8.0_172\jre\bin\api-ms-win-crt-math-l1-1-0.dll
0x00000000209f0000 - 0x00000000209f5000 	C:\Program Files\Java\jdk1.8.0_172\jre\bin\api-ms-win-crt-multibyte-l1-1-0.dll
0x0000000020a00000 - 0x0000000020a10000 	C:\Program Files\Java\jdk1.8.0_172\jre\bin\api-ms-win-crt-private-l1-1-0.dll
0x0000000020a10000 - 0x0000000020a13000 	C:\Program Files\Java\jdk1.8.0_172\jre\bin\api-ms-win-crt-process-l1-1-0.dll
0x0000000020a20000 - 0x0000000020a24000 	C:\Program Files\Java\jdk1.8.0_172\jre\bin\api-ms-win-crt-runtime-l1-1-0.dll
0x0000000020a30000 - 0x0000000020a34000 	C:\Program Files\Java\jdk1.8.0_172\jre\bin\api-ms-win-crt-stdio-l1-1-0.dll
0x0000000020a40000 - 0x0000000020a44000 	C:\Program Files\Java\jdk1.8.0_172\jre\bin\api-ms-win-crt-string-l1-1-0.dll
0x0000000020a50000 - 0x0000000020a53000 	C:\Program Files\Java\jdk1.8.0_172\jre\bin\api-ms-win-crt-time-l1-1-0.dll
0x0000000020a60000 - 0x0000000020a63000 	C:\Program Files\Java\jdk1.8.0_172\jre\bin\api-ms-win-crt-utility-l1-1-0.dll
0x00007ff8681a0000 - 0x00007ff868296000 	C:\Program Files\Java\jdk1.8.0_172\jre\bin\ucrtbase.dll
0x00007ff88cd20000 - 0x00007ff88cd36000 	C:\Program Files\Java\jdk1.8.0_172\jre\bin\vcruntime140.dll
0x00007ff868100000 - 0x00007ff86819c000 	C:\Program Files\Java\jdk1.8.0_172\jre\bin\msvcp140.dll
0x00007ff869e30000 - 0x00007ff869e81000 	C:\Program Files\Java\jdk1.8.0_172\jre\bin\concrt140.dll
0x0000000068db0000 - 0x0000000068dd3000 	C:\Program Files\Java\jdk1.8.0_172\jre\bin\prism_d3d.dll
0x00007ff8a0d10000 - 0x00007ff8a0ea7000 	C:\WINDOWS\system32\d3d9.dll
0x00007ff8a5890000 - 0x00007ff8a58b9000 	C:\WINDOWS\SYSTEM32\dwmapi.dll
0x00007ff8a57c0000 - 0x00007ff8a5858000 	C:\WINDOWS\system32\uxtheme.dll
0x00007ff89dcb0000 - 0x00007ff89dd9e000 	C:\WINDOWS\System32\DriverStore\FileRepository\nv_dispi.inf_amd64_a5e9eb9bc021c27a\nvldumdx.dll
0x00007ff8a7db0000 - 0x00007ff8a7f92000 	C:\WINDOWS\System32\crypt32.dll
0x00007ff8a7150000 - 0x00007ff8a7162000 	C:\WINDOWS\System32\MSASN1.dll
0x00007ff8a78d0000 - 0x00007ff8a7927000 	C:\WINDOWS\System32\WINTRUST.DLL
0x00007ff8a8500000 - 0x00007ff8a851d000 	C:\WINDOWS\System32\imagehlp.dll
0x00007ff8a6b30000 - 0x00007ff8a6b47000 	C:\WINDOWS\SYSTEM32\CRYPTSP.dll
0x00007ff8a6560000 - 0x00007ff8a6593000 	C:\WINDOWS\system32\rsaenh.dll
0x00007ff8a6c60000 - 0x00007ff8a6c85000 	C:\WINDOWS\SYSTEM32\bcrypt.dll
0x00007ff8a6b50000 - 0x00007ff8a6b5b000 	C:\WINDOWS\SYSTEM32\CRYPTBASE.dll
0x00007ff8645b0000 - 0x00007ff865997000 	C:\WINDOWS\System32\DriverStore\FileRepository\nv_dispi.inf_amd64_a5e9eb9bc021c27a\nvd3dumx.dll
0x0000000068d60000 - 0x0000000068da9000 	C:\Program Files\Java\jdk1.8.0_172\jre\bin\glass.dll
0x00007ff8aa090000 - 0x00007ff8aa17d000 	C:\WINDOWS\System32\COMDLG32.dll
0x00007ff8a8280000 - 0x00007ff8a83d1000 	C:\WINDOWS\System32\ole32.dll
0x00007ff8aa930000 - 0x00007ff8aa9f2000 	C:\WINDOWS\System32\OLEAUT32.dll
0x00007ff8aa250000 - 0x00007ff8aa3c4000 	C:\WINDOWS\System32\MSCTF.dll
0x00007ff8632c0000 - 0x00007ff86333f000 	C:\Program Files\ASUSTeKcomputer.Inc\Sonic Suite 3\Foundation\x64\SS3DevProps.dll
0x0000000180000000 - 0x0000000180256000 	C:\Program Files (x86)\RivaTuner Statistics Server\RTSSHooks64.dll
0x00007ff8883d0000 - 0x00007ff888494000 	C:\Program Files (x86)\NVIDIA Corporation\3D Vision\nvSCPAPI64.dll
0x00007ff8aa4e0000 - 0x00007ff8aa92b000 	C:\WINDOWS\System32\SETUPAPI.dll
0x00007ff8747c0000 - 0x00007ff874a49000 	C:\WINDOWS\system32\nvspcap64.dll
0x00007ff8a6190000 - 0x00007ff8a61c1000 	C:\WINDOWS\SYSTEM32\ntmarta.dll
0x00007ff8a5e30000 - 0x00007ff8a5e52000 	C:\WINDOWS\SYSTEM32\gpapi.dll
0x00007ff89fe20000 - 0x00007ff89fe4e000 	C:\WINDOWS\SYSTEM32\cryptnet.dll
0x00007ff8aab80000 - 0x00007ff8aac20000 	C:\WINDOWS\System32\clbcatq.dll
0x00007ff89e8f0000 - 0x00007ff89e966000 	C:\WINDOWS\System32\MMDevApi.dll
0x00007ff8a3a40000 - 0x00007ff8a3bf4000 	C:\WINDOWS\System32\PROPSYS.dll
0x00007ff8a6f10000 - 0x00007ff8a6f37000 	C:\WINDOWS\System32\DEVOBJ.dll
0x00007ff870820000 - 0x00007ff87094c000 	C:\WINDOWS\SYSTEM32\AUDIOSES.DLL
0x00007ff8a1dd0000 - 0x00007ff8a1dda000 	C:\WINDOWS\SYSTEM32\AVRT.dll
0x00007ff8a2e80000 - 0x00007ff8a2fcd000 	C:\WINDOWS\SYSTEM32\wintypes.dll
0x00007ff815d20000 - 0x00007ff818b6d000 	C:\Users\tiago\eclipse-workspace\processamento-digital-de-imagens\lib\opencv_java400.dll
0x00007ff88bba0000 - 0x00007ff88bd7b000 	C:\WINDOWS\SYSTEM32\MFPlat.DLL
0x00007ff864080000 - 0x00007ff8640fb000 	C:\WINDOWS\SYSTEM32\MF.dll
0x00007ff87f840000 - 0x00007ff87f85f000 	C:\WINDOWS\SYSTEM32\AVIFIL32.dll
0x00007ff869810000 - 0x00007ff869908000 	C:\WINDOWS\SYSTEM32\MFReadWrite.dll
0x00007ff8a44c0000 - 0x00007ff8a47cb000 	C:\WINDOWS\SYSTEM32\d3d11.dll
0x00007ff872980000 - 0x00007ff872998000 	C:\WINDOWS\SYSTEM32\AVICAP32.dll
0x00007ff872950000 - 0x00007ff872979000 	C:\WINDOWS\SYSTEM32\MSVFW32.dll

VM Arguments:
jvm_args: -Djava.library.path=C:\Users\tiago\eclipse-workspace\processamento-digital-de-imagens\lib -javaagent:C:\Program Files\JetBrains\IntelliJ IDEA 2018.2.4\lib\idea_rt.jar=36420:C:\Program Files\JetBrains\IntelliJ IDEA 2018.2.4\bin -Dfile.encoding=UTF-8 
java_command: application.Main
java_class_path (initial): C:\Users\tiago\eclipse-workspace\processamento-digital-de-imagens\bin;C:\Program Files\Java\jdk1.8.0_172\jre\lib\charsets.jar;C:\Program Files\Java\jdk1.8.0_172\jre\lib\deploy.jar;C:\Program Files\Java\jdk1.8.0_172\jre\lib\ext\access-bridge-64.jar;C:\Program Files\Java\jdk1.8.0_172\jre\lib\ext\cldrdata.jar;C:\Program Files\Java\jdk1.8.0_172\jre\lib\ext\dnsns.jar;C:\Program Files\Java\jdk1.8.0_172\jre\lib\ext\jaccess.jar;C:\Program Files\Java\jdk1.8.0_172\jre\lib\ext\jfxrt.jar;C:\Program Files\Java\jdk1.8.0_172\jre\lib\ext\localedata.jar;C:\Program Files\Java\jdk1.8.0_172\jre\lib\ext\nashorn.jar;C:\Program Files\Java\jdk1.8.0_172\jre\lib\ext\sunec.jar;C:\Program Files\Java\jdk1.8.0_172\jre\lib\ext\sunjce_provider.jar;C:\Program Files\Java\jdk1.8.0_172\jre\lib\ext\sunmscapi.jar;C:\Program Files\Java\jdk1.8.0_172\jre\lib\ext\sunpkcs11.jar;C:\Program Files\Java\jdk1.8.0_172\jre\lib\ext\zipfs.jar;C:\Program Files\Java\jdk1.8.0_172\jre\lib\javaws.jar;C:\Program Files\Java\jdk1.8.0_172\jre\lib\jce.jar;C:\Program Files\Java\jdk1.8.0_172\jre\lib\jfr.jar;C:\Program Files\Java\jdk1.8.0_172\jre\lib\jfxswt.jar;C:\Program Files\Java\jdk1.8.0_172\jre\lib\jsse.jar;C:\Program Files\Java\jdk1.8.0_172\jre\lib\management-agent.jar;C:\Program Files\Java\jdk1.8.0_172\jre\lib\plugin.jar;C:\Program Files\Java\jdk1.8.0_172\jre\lib\resources.jar;C:\Program Files\Java\jdk1.8.0_172\jre\lib\rt.jar;C:\Users\tiago\eclipse-workspace\processamento-digital-de-imagens\lib\opencv-400.jar;C:\Program Files\JetBrains\IntelliJ IDEA 2018.2.4\lib\idea_rt.jar
Launcher Type: SUN_STANDARD

Environment Variables:
JAVA_HOME=C:\Program Files\Java\jdk1.8.0_172
PATH=C:\Program Files (x86)\Common Files\Intel\Shared Libraries\redist\intel64_win\compiler;C:\ProgramData\Oracle\Java\javapath;C:\Program Files (x86)\Common Files\Intel\Shared Libraries\redist\intel64\compiler;C:\WINDOWS\system32;C:\WINDOWS;C:\WINDOWS\System32\Wbem;C:\WINDOWS\System32\WindowsPowerShell\v1.0\;C:\WINDOWS\System32\OpenSSH\;C:\Program Files (x86)\NVIDIA Corporation\PhysX\Common;C:\Program Files\dotnet\C:\Program Files (x86)\Git\cmd;C:\Program Files\PuTTY\C:\Program Files\nodejs\;C:\Program Files (x86)\OpenSSH\bin;C:\Program Files\Git\cmd;C:\Program Files\MySQL\MySQL Utilities 1.6\;C:\ffmpeg\bin;C:\WINDOWS\system32;C:\WINDOWS;C:\WINDOWS\System32\Wbem;C:\WINDOWS\System32\WindowsPowerShell\v1.0\;C:\WINDOWS\System32\OpenSSH\;C:\wamp64\bin\php\php7.1.16;C:\ProgramData\ComposerSetup\bin;C:\Program Files\Microsoft VS Code\bin;C:\Program Files\Amazon\AWSCLI\;C:\curl;C:\Program Files (x86)\Pandoc\;C:\ProgramData\chocolatey\bin;C:\Program Files\nodejs\;C:\Program Files (x86)\Yarn\bin\;C:\Users\tiago\AppData\Local\Microsoft\WindowsApps;C:\Program Files\Microsoft VS Code\bin;C:\Users\tiago\AppData\Local\GitHubDesktop\bin;C:\ffmpeg\bin;C:\Users\tiago\AppData\Local\Microsoft\WindowsApps;C:\Program Files\heroku\bin;C:\Users\tiago\AppData\Roaming\Composer\vendor\bin;C:\Program Files (x86)\Nmap;C:\Users\tiago\AppData\Local\Programs\Microsoft VS Code\bin;C:\Program Files\VideoLAN\VLC;C:\wamp64\bin\php\php7.1.16;C:\Users\tiago\AppData\Roaming\npm;C:\Users\tiago\AppData\Local\Yarn\bin
USERNAME=tiago
OS=Windows_NT
PROCESSOR_IDENTIFIER=Intel64 Family 6 Model 158 Stepping 10, GenuineIntel



---------------  S Y S T E M  ---------------

OS: Windows 10.0 , 64 bit Build 17134 (10.0.17134.1)

CPU:total 12 (initial active 12) (6 cores per cpu, 2 threads per core) family 6 model 158 stepping 10, cmov, cx8, fxsr, mmx, sse, sse2, sse3, ssse3, sse4.1, sse4.2, popcnt, avx, avx2, aes, clmul, erms, rtm, 3dnowpref, lzcnt, ht, tsc, tscinvbit, bmi1, bmi2, adx

Memory: 4k page, physical 16699812k(3999392k free), swap 33399624k(8975392k free)

vm_info: Java HotSpot(TM) 64-Bit Server VM (25.172-b11) for windows-amd64 JRE (1.8.0_172-b11), built on Mar 28 2018 21:21:52 by "java_re" with MS VC++ 10.0 (VS2010)

time: Tue Nov 06 16:39:39 2018
elapsed time: 40 seconds (0d 0h 0m 40s)

